\BOOKMARK [1][-]{section.1}{\376\377\000I\000n\000t\000r\000o\000d\000u\000c\000t\000i\000o\000n}{}% 1
\BOOKMARK [2][-]{subsection.1.1}{\376\377\000T\000h\000e\000\040\000g\000e\000o\000m\000e\000t\000r\000i\000c\000\040\000p\000a\000r\000a\000d\000i\000g\000m\000\040\000i\000n\000\040\000c\000l\000u\000s\000t\000e\000r\000\040\000v\000a\000l\000i\000d\000a\000t\000i\000o\000n}{section.1}% 2
\BOOKMARK [2][-]{subsection.1.2}{\376\377\000T\000h\000e\000\040\000s\000t\000a\000t\000i\000s\000t\000i\000c\000a\000l\000\040\000m\000o\000d\000a\000l\000i\000t\000y\000\040\000a\000l\000t\000e\000r\000n\000a\000t\000i\000v\000e}{section.1}% 3
\BOOKMARK [2][-]{subsection.1.3}{\376\377\000T\000h\000e\000\040\000g\000a\000p\000\040\000b\000e\000t\000w\000e\000e\000n\000\040\000s\000t\000a\000t\000i\000s\000t\000i\000c\000s\000\040\000a\000n\000d\000\040\000c\000l\000u\000s\000t\000e\000r\000\040\000v\000a\000l\000i\000d\000a\000t\000i\000o\000n}{section.1}% 4
\BOOKMARK [2][-]{subsection.1.4}{\376\377\000C\000o\000n\000t\000r\000i\000b\000u\000t\000i\000o\000n\000s}{section.1}% 5
\BOOKMARK [1][-]{section.2}{\376\377\000R\000e\000l\000a\000t\000e\000d\000\040\000w\000o\000r\000k}{}% 6
\BOOKMARK [2][-]{subsection.2.1}{\376\377\000I\000n\000t\000e\000r\000n\000a\000l\000\040\000c\000l\000u\000s\000t\000e\000r\000\040\000v\000a\000l\000i\000d\000a\000t\000i\000o\000n\000\040\000i\000n\000d\000i\000c\000e\000s}{section.2}% 7
\BOOKMARK [2][-]{subsection.2.2}{\376\377\000M\000o\000d\000a\000l\000i\000t\000y\000\040\000t\000e\000s\000t\000i\000n\000g\000\040\000a\000n\000d\000\040\000m\000o\000d\000e\000\040\000c\000o\000u\000n\000t\000i\000n\000g}{section.2}% 8
\BOOKMARK [2][-]{subsection.2.3}{\376\377\000T\000h\000e\000\040\000g\000a\000p\000:\000\040\000W\000h\000e\000r\000e\000\040\000g\000e\000o\000m\000e\000t\000r\000i\000c\000\040\000m\000e\000e\000t\000s\000\040\000s\000t\000a\000t\000i\000s\000t\000i\000c\000a\000l}{section.2}% 9
\BOOKMARK [1][-]{section.3}{\376\377\000M\000e\000t\000h\000o\000d\000o\000l\000o\000g\000y}{}% 10
\BOOKMARK [2][-]{subsection.3.1}{\376\377\000C\000r\000i\000t\000i\000c\000a\000l\000\040\000b\000a\000n\000d\000w\000i\000d\000t\000h\000\040\000t\000h\000e\000o\000r\000y}{section.3}% 11
\BOOKMARK [2][-]{subsection.3.2}{\376\377\000T\000h\000e\000\040\000C\000B\000V\000\040\000a\000l\000g\000o\000r\000i\000t\000h\000m}{section.3}% 12
\BOOKMARK [2][-]{subsection.3.3}{\376\377\000P\000e\000r\000-\000d\000i\000m\000e\000n\000s\000i\000o\000n\000\040\000s\000e\000q\000u\000e\000n\000t\000i\000a\000l\000\040\000t\000e\000s\000t\000i\000n\000g}{section.3}% 13
\BOOKMARK [2][-]{subsection.3.4}{\376\377\000B\000i\000m\000o\000d\000a\000l\000i\000t\000y\000-\000s\000t\000r\000e\000n\000g\000t\000h\000\040\000w\000e\000i\000g\000h\000t\000i\000n\000g}{section.3}% 14
\BOOKMARK [2][-]{subsection.3.5}{\376\377\000V\000o\000t\000e\000\040\000a\000g\000g\000r\000e\000g\000a\000t\000i\000o\000n}{section.3}% 15
\BOOKMARK [3][-]{subsubsection.3.5.1}{\376\377\000T\000h\000e\000o\000r\000e\000t\000i\000c\000a\000l\000\040\000r\000e\000m\000a\000r\000k}{subsection.3.5}% 16
\BOOKMARK [2][-]{subsection.3.6}{\376\377\000C\000B\000V\000H\000y\000b\000r\000i\000d\000:\000\040\000S\000p\000e\000c\000t\000r\000a\000l\000\040\000f\000u\000s\000i\000o\000n\000\040\000f\000o\000r\000\040\000n\000o\000n\000-\000c\000o\000n\000v\000e\000x\000\040\000s\000h\000a\000p\000e\000s}{section.3}% 17
\BOOKMARK [2][-]{subsection.3.7}{\376\377\000C\000B\000V\000P\000r\000o\000j\000e\000c\000t\000i\000o\000n\000:\000\040\000R\000a\000n\000d\000o\000m\000\040\000t\000w\000o\000-\000d\000i\000m\000e\000n\000s\000i\000o\000n\000a\000l\000\040\000p\000r\000o\000j\000e\000c\000t\000i\000o\000n\000s}{section.3}% 18
\BOOKMARK [2][-]{subsection.3.8}{\376\377\000B\000a\000n\000d\000w\000i\000d\000t\000h\000\040\000s\000e\000l\000e\000c\000t\000i\000o\000n\000:\000\040\000S\000i\000l\000v\000e\000r\000m\000a\000n\000\040\000v\000s\000.\000\040\000S\000h\000e\000a\000t\000h\000e\000r\040\023\000J\000o\000n\000e\000s}{section.3}% 19
\BOOKMARK [2][-]{subsection.3.9}{\376\377\000C\000o\000m\000p\000u\000t\000a\000t\000i\000o\000n\000a\000l\000\040\000c\000o\000m\000p\000l\000e\000x\000i\000t\000y}{section.3}% 20
\BOOKMARK [1][-]{section.4}{\376\377\000B\000e\000n\000c\000h\000m\000a\000r\000k\000\040\000d\000e\000s\000i\000g\000n}{}% 21
\BOOKMARK [2][-]{subsection.4.1}{\376\377\000D\000a\000t\000a\000s\000e\000t\000s}{section.4}% 22
\BOOKMARK [2][-]{subsection.4.2}{\376\377\000C\000o\000m\000p\000a\000r\000i\000s\000o\000n\000\040\000i\000n\000d\000i\000c\000e\000s}{section.4}% 23
\BOOKMARK [2][-]{subsection.4.3}{\376\377\000E\000v\000a\000l\000u\000a\000t\000i\000o\000n\000\040\000m\000e\000t\000r\000i\000c\000s}{section.4}% 24
\BOOKMARK [2][-]{subsection.4.4}{\376\377\000S\000t\000a\000t\000i\000s\000t\000i\000c\000a\000l\000\040\000t\000e\000s\000t\000i\000n\000g}{section.4}% 25
\BOOKMARK [1][-]{section.5}{\376\377\000R\000e\000s\000u\000l\000t\000s}{}% 26
\BOOKMARK [2][-]{subsection.5.1}{\376\377\000S\000t\000r\000u\000c\000t\000u\000r\000a\000l\000\040\000c\000o\000m\000p\000l\000e\000m\000e\000n\000t\000a\000r\000i\000t\000y\000\040\000\050\000p\000r\000i\000m\000a\000r\000y\000\040\000f\000i\000n\000d\000i\000n\000g\000\051}{section.5}% 27
\BOOKMARK [2][-]{subsection.5.2}{\376\377\000E\000x\000a\000c\000t\000-\000m\000a\000t\000c\000h\000\040\000a\000c\000c\000u\000r\000a\000c\000y\000\040\000\050\000s\000e\000c\000o\000n\000d\000a\000r\000y\000\051}{section.5}% 28
\BOOKMARK [2][-]{subsection.5.3}{\376\377\000M\000u\000l\000t\000i\000-\000m\000e\000t\000r\000i\000c\000\040\000c\000o\000m\000p\000a\000r\000i\000s\000o\000n}{section.5}% 29
\BOOKMARK [2][-]{subsection.5.4}{\376\377\000P\000e\000r\000-\000s\000e\000e\000d\000\040\000s\000t\000a\000b\000i\000l\000i\000t\000y}{section.5}% 30
\BOOKMARK [2][-]{subsection.5.5}{\376\377\000C\000B\000V\000\040\000f\000a\000i\000l\000u\000r\000e\000\040\000a\000n\000a\000l\000y\000s\000i\000s}{section.5}% 31
\BOOKMARK [2][-]{subsection.5.6}{\376\377\000C\000B\000V\000P\000r\000o\000j\000e\000c\000t\000i\000o\000n\000\040\000e\000v\000a\000l\000u\000a\000t\000i\000o\000n}{section.5}% 32
\BOOKMARK [2][-]{subsection.5.7}{\376\377\000C\000o\000r\000r\000e\000l\000a\000t\000e\000d\000-\000d\000i\000m\000e\000n\000s\000i\000o\000n\000\040\000a\000b\000l\000a\000t\000i\000o\000n}{section.5}% 33
\BOOKMARK [1][-]{section.6}{\376\377\000D\000i\000s\000c\000u\000s\000s\000i\000o\000n}{}% 34
\BOOKMARK [2][-]{subsection.6.1}{\376\377\000T\000h\000e\000o\000r\000e\000t\000i\000c\000a\000l\000\040\000i\000m\000p\000l\000i\000c\000a\000t\000i\000o\000n\000s\000:\000\040\000M\000o\000d\000a\000l\000i\000t\000y\000\040\000v\000s\000.\000\040\000g\000e\000o\000m\000e\000t\000r\000y}{section.6}% 35
\BOOKMARK [2][-]{subsection.6.2}{\376\377\000W\000h\000y\000\040\000S\000i\000l\000v\000e\000r\000m\000a\000n\000\040\000o\000v\000e\000r\000\040\000S\000h\000e\000a\000t\000h\000e\000r\040\023\000J\000o\000n\000e\000s}{section.6}% 36
\BOOKMARK [2][-]{subsection.6.3}{\376\377\000C\000o\000r\000r\000e\000l\000a\000t\000e\000d\000-\000d\000i\000m\000e\000n\000s\000i\000o\000n\000\040\000v\000u\000l\000n\000e\000r\000a\000b\000i\000l\000i\000t\000y}{section.6}% 37
\BOOKMARK [2][-]{subsection.6.4}{\376\377\000T\000h\000e\000\040\000g\000a\000p\000\040\000b\000e\000t\000w\000e\000e\000n\000\040\000d\000e\000n\000s\000i\000t\000y\000\040\000m\000o\000d\000e\000s\000\040\000a\000n\000d\000\040\000c\000l\000u\000s\000t\000e\000r\000\040\000c\000o\000u\000n\000t}{section.6}% 38
\BOOKMARK [2][-]{subsection.6.5}{\376\377\000L\000i\000m\000i\000t\000a\000t\000i\000o\000n\000s}{section.6}% 39
\BOOKMARK [2][-]{subsection.6.6}{\376\377\000F\000u\000t\000u\000r\000e\000\040\000w\000o\000r\000k}{section.6}% 40
\BOOKMARK [2][-]{subsection.6.7}{\376\377\000R\000e\000l\000e\000v\000a\000n\000c\000e\000\040\000t\000o\000\040\000l\000e\000a\000r\000n\000i\000n\000g\000\040\000s\000y\000s\000t\000e\000m\000s}{section.6}% 41
\BOOKMARK [2][-]{subsection.6.8}{\376\377\000P\000r\000a\000c\000t\000i\000c\000a\000l\000\040\000r\000e\000c\000o\000m\000m\000e\000n\000d\000a\000t\000i\000o\000n\000s}{section.6}% 42
\BOOKMARK [1][-]{section.7}{\376\377\000C\000o\000n\000c\000l\000u\000s\000i\000o\000n}{}% 43
\BOOKMARK [1][-]{section*.11}{\376\377\000A\000p\000p\000e\000n\000d\000i\000x\000\040\000A\000:\000\040\000P\000r\000o\000o\000f\000\040\000o\000f\000\040\000R\000e\000m\000a\000r\000k\000\040\0001}{}% 44
\BOOKMARK [1][-]{section*.12}{\376\377\000A\000p\000p\000e\000n\000d\000i\000x\000\040\000B\000:\000\040\000K\000e\000r\000n\000e\000l\000\040\000s\000e\000n\000s\000i\000t\000i\000v\000i\000t\000y\000\040\000r\000e\000s\000u\000l\000t\000s}{}% 45
\BOOKMARK [1][-]{IEEEbiography.0}{\376\377\000B\000i\000o\000g\000r\000a\000p\000h\000i\000e\000s}{}% 46
\BOOKMARK [2][-]{IEEEbiography.1}{\376\377\000Q\000i\000-\000H\000a\000o\000\040\000W\000a\000n\000g}{IEEEbiography.0}% 47
\BOOKMARK [1][-]{section*.13}{\376\377\000R\000e\000f\000e\000r\000e\000n\000c\000e\000s}{}% 48
