23:22:23 ============================================================
23:22:23 CBV Fast Bootstrap CI — 58 datasets (complete)
23:22:23 ============================================================
23:22:32 Total: 58 datasets
23:22:32   [1/58] blobs_k3_d2_std0.3 (n=300, d=2, B=50)...
23:22:48     -> k_hat=4, CI=[3,4], range=1, stable=1 (15s)
23:22:48   [2/58] blobs_k3_d2_std0.5 (n=300, d=2, B=50)...
23:23:05     -> k_hat=4, CI=[3,4], range=1, stable=1 (18s)
23:23:05   [3/58] blobs_k3_d2_std1.0 (n=300, d=2, B=50)...
23:23:25     -> k_hat=4, CI=[3,4], range=1, stable=1 (19s)
23:23:25   [4/58] blobs_k5_d2_std0.5 (n=300, d=2, B=50)...
23:23:43     -> k_hat=3, CI=[3,4], range=1, stable=1 (18s)
23:23:43   [5/58] blobs_k5_d2_std1.0 (n=300, d=2, B=50)...
23:24:01     -> k_hat=3, CI=[3,4], range=1, stable=1 (19s)
23:24:01   [6/58] blobs_k8_d2_std0.5 (n=300, d=2, B=50)...
23:24:18     -> k_hat=3, CI=[3,3], range=0, stable=1 (17s)
23:24:18   [7/58] blobs_k3_d2_std1.5 (n=300, d=2, B=50)...
23:24:36     -> k_hat=3, CI=[3,4], range=1, stable=1 (17s)
23:24:36   [8/58] blobs_k3_d2_std2.0 (n=300, d=2, B=50)...
23:24:56     -> k_hat=3, CI=[3,3], range=0, stable=1 (20s)
23:24:56   [9/58] blobs_k3_d2_std2.5 (n=300, d=2, B=50)...
23:25:16     -> k_hat=3, CI=[2,3], range=1, stable=1 (20s)
23:25:16   [10/58] blobs_k5_d2_std1.5 (n=300, d=2, B=50)...
23:25:38     -> k_hat=3, CI=[3,3], range=0, stable=1 (22s)
23:25:38   [11/58] blobs_k5_d2_std2.0 (n=300, d=2, B=50)...
23:25:59     -> k_hat=3, CI=[3,3], range=0, stable=1 (21s)
23:25:59   [12/58] classif_k2_info2_noise2 (n=300, d=4, B=50)...
23:26:29     -> k_hat=2, CI=[2,3], range=1, stable=1 (30s)
23:26:29   [13/58] classif_k2_info2_noise5 (n=300, d=7, B=50)...
23:27:17     -> k_hat=2, CI=[2,2], range=0, stable=1 (48s)
23:27:17   [14/58] classif_k2_info2_noise10 (n=300, d=12, B=50)...
23:28:38     -> k_hat=2, CI=[2,2], range=0, stable=1 (81s)
23:28:38   [15/58] classif_k3_info3_noise3 (n=300, d=6, B=50)...
23:29:16     -> k_hat=2, CI=[2,2], range=0, stable=1 (38s)
23:29:16   [16/58] classif_k3_info3_noise8 (n=300, d=11, B=50)...
23:30:25     -> k_hat=2, CI=[2,2], range=0, stable=1 (69s)
23:30:25   [17/58] moons_noise0.05 (n=300, d=2, B=50)...
23:30:37     -> k_hat=2, CI=[2,3], range=1, stable=1 (12s)
23:30:37   [18/58] moons_noise0.1 (n=300, d=2, B=50)...
23:30:49     -> k_hat=2, CI=[2,3], range=1, stable=1 (13s)
23:30:49   [19/58] circles_factor0.3_noise0.05 (n=300, d=2, B=50)...
23:31:08     -> k_hat=2, CI=[2,3], range=1, stable=1 (19s)
23:31:08   [20/58] circles_factor0.3_noise0.1 (n=300, d=2, B=50)...
23:31:21     -> k_hat=2, CI=[2,3], range=1, stable=1 (13s)
23:31:21   [21/58] circles_factor0.5_noise0.05 (n=300, d=2, B=50)...
23:31:35     -> k_hat=3, CI=[2,3], range=1, stable=1 (14s)
23:31:35   [22/58] circles_factor0.5_noise0.1 (n=300, d=2, B=50)...
23:31:49     -> k_hat=2, CI=[2,3], range=1, stable=1 (14s)
23:31:49   [23/58] blobs_k3_d5_std1.0 (n=300, d=5, B=50)...
23:32:37     -> k_hat=3, CI=[3,3], range=0, stable=1 (48s)
23:32:37   [24/58] blobs_k3_d30_std1.0 (n=300, d=30, B=50)...
23:36:38     -> k_hat=3, CI=[3,3], range=0, stable=1 (242s)
23:36:38   [25/58] blobs_k3_d50_std1.0 (n=300, d=50, B=50)...
23:43:43     -> k_hat=3, CI=[3,3], range=0, stable=1 (425s)
23:43:43   [26/58] aniso_k3_d2_stretch3.0 (n=300, d=2, B=50)...
23:44:03     -> k_hat=3, CI=[3,3], range=0, stable=1 (20s)
23:44:03   [27/58] aniso_k3_d2_stretch5.0 (n=300, d=2, B=50)...
23:44:22     -> k_hat=3, CI=[3,3], range=0, stable=1 (19s)
23:44:22   [28/58] aniso_k5_d2_stretch3.0 (n=300, d=2, B=50)...
23:44:40     -> k_hat=3, CI=[3,3], range=0, stable=1 (18s)
23:44:40   [29/58] imbal_k3_d2_ratio3.0 (n=300, d=2, B=50)...
23:44:56     -> k_hat=3, CI=[3,3], range=0, stable=1 (16s)
23:44:56   [30/58] imbal_k3_d2_ratio5.0 (n=300, d=2, B=50)...
23:45:13     -> k_hat=3, CI=[3,4], range=1, stable=1 (18s)
23:45:13   [31/58] imbal_k5_d2_ratio3.0 (n=300, d=2, B=50)...
23:45:30     -> k_hat=3, CI=[3,3], range=0, stable=1 (17s)
23:45:30   [32/58] varied_k3_d2_stds0.5_1.5_3.0 (n=300, d=2, B=50)...
23:45:48     -> k_hat=3, CI=[3,3], range=0, stable=1 (17s)
23:45:48   [33/58] varied_k4_d2_stds0.5_1.0_2.0_3.0 (n=300, d=2, B=50)...
23:46:05     -> k_hat=3, CI=[3,3], range=0, stable=1 (18s)
23:46:05   [34/58] varied_k5_d2_stds0.3_0.7_1.5_2.5_4.0 (n=300, d=2, B=50)...
23:46:23     -> k_hat=3, CI=[3,3], range=0, stable=1 (18s)
23:46:23   [35/58] blobs_k10_d2_std0.5 (n=600, d=2, B=20)...
23:46:40     -> k_hat=4, CI=[3,4], range=1, stable=1 (17s)
23:46:40   [36/58] blobs_k12_d2_std0.5 (n=600, d=2, B=20)...
23:46:59     -> k_hat=4, CI=[3,4], range=1, stable=1 (19s)
23:46:59   [37/58] blobs_k15_d2_std0.5 (n=600, d=2, B=20)...
23:47:16     -> k_hat=4, CI=[3,4], range=1, stable=1 (16s)
23:47:16   [38/58] classif_k3_info2_noise98 (n=300, d=100, B=50)...
